<?xml version="1.0" encoding="UTF-8"?>
<!-- Generated by org.testng.reporters.JUnitXMLReporter -->
<testsuite hostname="zhyhyr" name="Test" tests="9" failures="0" timestamp="10 Aug 2019 07:34:09 GMT" time="19.896" errors="0">
  <testcase name="@BeforeTest AddProduct" time="0.0" classname="tests.CartTest">
    <failure type="org.openqa.selenium.WebDriverException" message="element click intercepted: Element &amp;lt;i ng-show=&amp;quot;isShowAddBtn(dish.availableToOrder)&amp;quot; class=&amp;quot;plus&amp;quot; data-ng-click=&amp;quot;add(dish, $event)&amp;quot;&amp;gt;&amp;lt;/i&amp;gt; is not clickable at point (928, 520). Other element would receive the click: &amp;lt;div class=&amp;quot;ngdialog-overlay&amp;quot;&amp;gt;&amp;lt;/div&amp;gt;
  (Session info: chrome=76.0.3809.100)
Build info: version: &amp;apos;3.4.0&amp;apos;, revision: &amp;apos;unknown&amp;apos;, time: &amp;apos;unknown&amp;apos;
System info: host: &amp;apos;ZHYHYR&amp;apos;, ip: &amp;apos;192.168.2.1&amp;apos;, os.name: &amp;apos;Windows 8.1&amp;apos;, os.arch: &amp;apos;amd64&amp;apos;, os.version: &amp;apos;6.3&amp;apos;, java.version: &amp;apos;1.8.0_221&amp;apos;
Driver info: org.openqa.selenium.chrome.ChromeDriver
Capabilities [{networkConnectionEnabled=false, chrome={chromedriverVersion=75.0.3770.140 (2d9f97485c7b07dc18a74666574f19176731995c-refs/branch-heads/3770@{#1155}), userDataDir=C:\Users\1C98~1\AppData\Local\Temp\scoped_dir6624_12130}, timeouts={implicit=0.0, pageLoad=300000.0, script=30000.0}, pageLoadStrategy=normal, unhandledPromptBehavior=dismiss and notify, strictFileInteractability=false, platform=ANY, proxy=Proxy(), goog:chromeOptions={debuggerAddress=localhost:51621}, acceptInsecureCerts=false, browserVersion=76.0.3809.100, browserName=chrome, javascriptEnabled=true, platformName=windows nt, setWindowRect=true}]
Session ID: 67c6646f9e7ea3d2a4156801a262c041">
      <![CDATA[org.openqa.selenium.WebDriverException: element click intercepted: Element <i ng-show="isShowAddBtn(dish.availableToOrder)" class="plus" data-ng-click="add(dish, $event)"></i> is not clickable at point (928, 520). Other element would receive the click: <div class="ngdialog-overlay"></div>
  (Session info: chrome=76.0.3809.100)
Build info: version: '3.4.0', revision: 'unknown', time: 'unknown'
System info: host: 'ZHYHYR', ip: '192.168.2.1', os.name: 'Windows 8.1', os.arch: 'amd64', os.version: '6.3', java.version: '1.8.0_221'
Driver info: org.openqa.selenium.chrome.ChromeDriver
Capabilities [{networkConnectionEnabled=false, chrome={chromedriverVersion=75.0.3770.140 (2d9f97485c7b07dc18a74666574f19176731995c-refs/branch-heads/3770@{#1155}), userDataDir=C:\Users\1C98~1\AppData\Local\Temp\scoped_dir6624_12130}, timeouts={implicit=0.0, pageLoad=300000.0, script=30000.0}, pageLoadStrategy=normal, unhandledPromptBehavior=dismiss and notify, strictFileInteractability=false, platform=ANY, proxy=Proxy(), goog:chromeOptions={debuggerAddress=localhost:51621}, acceptInsecureCerts=false, browserVersion=76.0.3809.100, browserName=chrome, javascriptEnabled=true, platformName=windows nt, setWindowRect=true}]
Session ID: 67c6646f9e7ea3d2a4156801a262c041
	at org.openqa.selenium.remote.http.W3CHttpResponseCodec.createException(W3CHttpResponseCodec.java:150)
	at org.openqa.selenium.remote.http.W3CHttpResponseCodec.decode(W3CHttpResponseCodec.java:115)
	at org.openqa.selenium.remote.http.W3CHttpResponseCodec.decode(W3CHttpResponseCodec.java:45)
	at org.openqa.selenium.remote.HttpCommandExecutor.execute(HttpCommandExecutor.java:164)
	at org.openqa.selenium.remote.service.DriverCommandExecutor.execute(DriverCommandExecutor.java:82)
	at org.openqa.selenium.remote.RemoteWebDriver.execute(RemoteWebDriver.java:637)
	at org.openqa.selenium.remote.RemoteWebElement.execute(RemoteWebElement.java:272)
	at org.openqa.selenium.remote.RemoteWebElement.click(RemoteWebElement.java:82)
	at tests.CartTest.AddProduct(CartTest.java:27)
	at org.apache.maven.surefire.testng.TestNGExecutor.run(TestNGExecutor.java:283)
	at org.apache.maven.surefire.testng.TestNGXmlTestSuite.execute(TestNGXmlTestSuite.java:75)
	at org.apache.maven.surefire.testng.TestNGProvider.invoke(TestNGProvider.java:120)
	at org.apache.maven.surefire.booter.ForkedBooter.invokeProviderInSameClassLoader(ForkedBooter.java:386)
	at org.apache.maven.surefire.booter.ForkedBooter.runSuitesInProcess(ForkedBooter.java:323)
	at org.apache.maven.surefire.booter.ForkedBooter.main(ForkedBooter.java:143)
... Removed 23 stack frames]]>
    </failure>
  </testcase> <!-- @BeforeTest AddProduct -->
  <testcase name="@BeforeTest CreateOrder" time="0.0" classname="tests.CartTest">
    <skipped/>
  </testcase> <!-- @BeforeTest CreateOrder -->
  <testcase name="@BeforeTest profileSetup" time="0.0" classname="tests.CartTest">
    <skipped/>
  </testcase> <!-- @BeforeTest profileSetup -->
  <testcase name="@BeforeClass appSetup" time="0.0" classname="tests.SearchFunctionTest">
    <skipped/>
  </testcase> <!-- @BeforeClass appSetup -->
  <testcase name="@AfterTest BrowserClose" time="0.0" classname="tests.CartTest">
    <skipped/>
  </testcase> <!-- @AfterTest BrowserClose -->
  <testcase name="@AfterTest BrowserClose" time="0.0" classname="tests.CartTest">
    <skipped/>
  </testcase> <!-- @AfterTest BrowserClose -->
  <testcase name="@AfterTest BrowserClose" time="0.0" classname="tests.CartTest">
    <skipped/>
  </testcase> <!-- @AfterTest BrowserClose -->
  <testcase name="SearchTestExistentInfo" time="0.001" classname="tests.SearchFunctionTest">
    <skipped/>
  </testcase> <!-- SearchTestExistentInfo -->
  <testcase name="SearchTestExistentInfo" time="0.0" classname="tests.SearchFunctionTest">
    <skipped/>
  </testcase> <!-- SearchTestExistentInfo -->
  <testcase name="SearchTestExistentInfo" time="0.0" classname="tests.SearchFunctionTest">
    <skipped/>
  </testcase> <!-- SearchTestExistentInfo -->
  <testcase name="SearchTestNonexistentInfo" time="0.001" classname="tests.SearchFunctionTest">
    <skipped/>
  </testcase> <!-- SearchTestNonexistentInfo -->
  <testcase name="SearchTestNonexistentInfo" time="0.0" classname="tests.SearchFunctionTest">
    <skipped/>
  </testcase> <!-- SearchTestNonexistentInfo -->
  <testcase name="cancellDelete" time="0.001" classname="tests.CartTest">
    <skipped/>
  </testcase> <!-- cancellDelete -->
  <testcase name="checkCartContent" time="0.0" classname="tests.CartTest">
    <skipped/>
  </testcase> <!-- checkCartContent -->
  <testcase name="confirmDelete" time="0.0" classname="tests.CartTest">
    <skipped/>
  </testcase> <!-- confirmDelete -->
  <testcase name="confirmCheckout" time="0.001" classname="tests.CheckoutTest">
    <skipped/>
  </testcase> <!-- confirmCheckout -->
</testsuite> <!-- Test -->
